<?xml version="1.0" encoding="UTF-8"?>
<testng-results ignored="4" total="5" passed="1" failed="0" skipped="0">
  <reporter-output>
  </reporter-output>
  <suite started-at="2023-06-19T20:07:02 PDT" name="Default suite" finished-at="2023-06-19T20:07:06 PDT" duration-ms="4123">
    <groups>
    </groups>
    <test started-at="2023-06-19T20:07:02 PDT" name="Default test" finished-at="2023-06-19T20:07:06 PDT" duration-ms="4123">
      <class name="com.automation.tests.LoginTest">
        <test-method is-config="true" signature="setUpBeforeTest()[pri:0, instance:com.automation.tests.LoginTest@50eca7c6]" started-at="2023-06-19T20:07:02 PDT" name="setUpBeforeTest" finished-at="2023-06-19T20:07:02 PDT" duration-ms="9" status="PASS">
          <reporter-output>
          </reporter-output>
        </test-method> <!-- setUpBeforeTest -->
        <test-method is-config="true" signature="setUpBeforeTestMethod(java.lang.String)[pri:0, instance:com.automation.tests.LoginTest@50eca7c6]" started-at="2023-06-19T20:07:02 PDT" name="setUpBeforeTestMethod" finished-at="2023-06-19T20:07:04 PDT" duration-ms="2172" status="PASS">
          <params>
            <param index="0">
              <value>
                <![CDATA[chrome]]>
              </value>
            </param>
          </params>
          <reporter-output>
          </reporter-output>
        </test-method> <!-- setUpBeforeTestMethod -->
        <test-method signature="forgotPassword()[pri:0, instance:com.automation.tests.LoginTest@50eca7c6]" started-at="2023-06-19T20:07:04 PDT" name="forgotPassword" finished-at="2023-06-19T20:07:06 PDT" duration-ms="1758" status="PASS">
          <reporter-output>
          </reporter-output>
        </test-method> <!-- forgotPassword -->
        <test-method is-config="true" signature="tearDownAfterTestMethod()[pri:0, instance:com.automation.tests.LoginTest@50eca7c6]" started-at="2023-06-19T20:07:06 PDT" name="tearDownAfterTestMethod" finished-at="2023-06-19T20:07:06 PDT" duration-ms="153" status="PASS">
          <reporter-output>
          </reporter-output>
        </test-method> <!-- tearDownAfterTestMethod -->
      </class> <!-- com.automation.tests.LoginTest -->
    </test> <!-- Default test -->
  </suite> <!-- Default suite -->
</testng-results>
