<?xml version="1.0" encoding="UTF-8"?>
<!-- Generated by org.testng.reporters.JUnitXMLReporter -->
<testsuite ignored="4" hostname="Preeti" failures="0" tests="1" name="Default test" time="4.123" errors="0" timestamp="2023-06-19T20:07:06 PDT">
  <testcase classname="com.automation.tests.LoginTest" name="forgotPassword" time="1.758"/>
  <testcase classname="com.automation.tests.LoginTest" name="incorrectLogin" time="0.0">
    <ignored/>
  </testcase> <!-- incorrectLogin -->
  <testcase classname="com.automation.tests.LoginTest" name="loginEmptyPassword" time="0.0">
    <ignored/>
  </testcase> <!-- loginEmptyPassword -->
  <testcase classname="com.automation.tests.LoginTest" name="rememberMe" time="0.0">
    <ignored/>
  </testcase> <!-- rememberMe -->
  <testcase classname="com.automation.tests.LoginTest" name="successfulLogin" time="0.0">
    <ignored/>
  </testcase> <!-- successfulLogin -->
</testsuite> <!-- Default test -->
