<?xml version="1.0" encoding="UTF-8"?>
<!-- Generated by org.testng.reporters.JUnitXMLReporter -->
<testsuite ignored="21" hostname="Preeti" failures="0" tests="1" name="Default test" time="46.741" errors="0" timestamp="2023-06-18T19:54:02 PDT">
  <testcase classname="com.automation.pages.HomePage" name="blocking_Weekly_Recurrence_Event_Calender_TC37" time="43.791"/>
  <testcase classname="com.automation.pages.HomePage" name="blocking_Event_Calender_TC36" time="0.0">
    <ignored/>
  </testcase> <!-- blocking_Event_Calender_TC36 -->
  <testcase classname="com.automation.pages.HomePage" name="tc31" time="0.0">
    <ignored/>
  </testcase> <!-- tc31 -->
  <testcase classname="com.automation.pages.HomePage" name="view_A_Contact_TC29" time="0.0">
    <ignored/>
  </testcase> <!-- view_A_Contact_TC29 -->
  <testcase classname="com.automation.pages.HomePage" name="test_Stuck_Opportunities_TC18" time="0.0">
    <ignored/>
  </testcase> <!-- test_Stuck_Opportunities_TC18 -->
  <testcase classname="com.automation.pages.HomePage" name="tc30" time="0.0">
    <ignored/>
  </testcase> <!-- tc30 -->
  <testcase classname="com.automation.pages.HomePage" name="selectMyProfile_Test_Case_06" time="0.0">
    <ignored/>
  </testcase> <!-- selectMyProfile_Test_Case_06 -->
  <testcase classname="com.automation.pages.HomePage" name="verify_Username_TC34" time="0.0">
    <ignored/>
  </testcase> <!-- verify_Username_TC34 -->
  <testcase classname="com.automation.pages.HomePage" name="check_Recently_Created_Contacts_TC27" time="0.0">
    <ignored/>
  </testcase> <!-- check_Recently_Created_Contacts_TC27 -->
  <testcase classname="com.automation.pages.HomePage" name="verify_Customize_tab_TC35" time="0.0">
    <ignored/>
  </testcase> <!-- verify_Customize_tab_TC35 -->
  <testcase classname="com.automation.pages.HomePage" name="selectUserName_TC_05" time="0.0">
    <ignored/>
  </testcase> <!-- selectUserName_TC_05 -->
  <testcase classname="com.automation.pages.HomePage" name="test_Leads_Tab_TC20" time="0.0">
    <ignored/>
  </testcase> <!-- test_Leads_Tab_TC20 -->
  <testcase classname="com.automation.pages.HomePage" name="display_Todays_Leaads_View_TC23" time="0.0">
    <ignored/>
  </testcase> <!-- display_Todays_Leaads_View_TC23 -->
  <testcase classname="com.automation.pages.HomePage" name="test_Quarterly_Report_TC_19" time="0.0">
    <ignored/>
  </testcase> <!-- test_Quarterly_Report_TC_19 -->
  <testcase classname="com.automation.pages.HomePage" name="save_New_Contact_TC32" time="0.0">
    <ignored/>
  </testcase> <!-- save_New_Contact_TC32 -->
  <testcase classname="com.automation.pages.HomePage" name="verify_Username_TC33" time="0.0">
    <ignored/>
  </testcase> <!-- verify_Username_TC33 -->
  <testcase classname="com.automation.pages.HomePage" name="create_New_Leaads_View_TC24" time="0.0">
    <ignored/>
  </testcase> <!-- create_New_Leaads_View_TC24 -->
  <testcase classname="com.automation.pages.HomePage" name="leads_Select_View_TC21" time="0.0">
    <ignored/>
  </testcase> <!-- leads_Select_View_TC21 -->
  <testcase classname="com.automation.pages.HomePage" name="create_New_Contact_TC25" time="0.0">
    <ignored/>
  </testcase> <!-- create_New_Contact_TC25 -->
  <testcase classname="com.automation.pages.HomePage" name="check_myContacts_TC28" time="0.0">
    <ignored/>
  </testcase> <!-- check_myContacts_TC28 -->
  <testcase classname="com.automation.pages.HomePage" name="create_New_ContactView_TC26" time="0.0">
    <ignored/>
  </testcase> <!-- create_New_ContactView_TC26 -->
  <testcase classname="com.automation.pages.HomePage" name="default_Leaads_View_TC22" time="0.0">
    <ignored/>
  </testcase> <!-- default_Leaads_View_TC22 -->
</testsuite> <!-- Default test -->
